[16/Jul/2026 19:46:12] "GET / HTTP/1.1" 200 21511
[16/Jul/2026 19:46:12] "GET /api/tournaments/ HTTP/1.1" 200 1854
[16/Jul/2026 19:46:13,043] - Broken pipe from ('127.0.0.1', 51763)
[16/Jul/2026 19:48:06] "GET /api/tournaments/ HTTP/1.1" 200 1854
[16/Jul/2026 19:48:07,004] - Broken pipe from ('127.0.0.1', 51556)
[16/Jul/2026 19:49:21] "GET /admin/squad/tournament/add/ HTTP/1.1" 200 21819
[16/Jul/2026 19:49:21] "GET /admin/jsi18n/ HTTP/1.1" 200 3342
[16/Jul/2026 19:49:21] "GET /static/admin/js/tournament_slots.js HTTP/1.1" 200 1276
[16/Jul/2026 19:49:21] "GET /static/admin/css/forms.css HTTP/1.1" 200 8710
[16/Jul/2026 19:49:21] "GET /static/admin/js/jquery.init.js HTTP/1.1" 200 347
[16/Jul/2026 19:49:21] "GET /static/admin/js/calendar.js HTTP/1.1" 200 9141
[16/Jul/2026 19:49:21] "GET /static/admin/js/core.js HTTP/1.1" 200 6208
[16/Jul/2026 19:49:21] "GET /static/admin/css/widgets.css HTTP/1.1" 200 11564
[16/Jul/2026 19:49:21] "GET /static/admin/js/actions.js HTTP/1.1" 200 8076
[16/Jul/2026 19:49:21] "GET /static/admin/js/admin/RelatedObjectLookups.js HTTP/1.1" 200 9097
[16/Jul/2026 19:49:21] "GET /static/admin/js/urlify.js HTTP/1.1" 200 7887
[16/Jul/2026 19:49:21] "GET /static/admin/js/prepopulate.js HTTP/1.1" 200 1531
[16/Jul/2026 19:49:21] "GET /static/admin/js/vendor/jquery/jquery.js HTTP/1.1" 200 285314
[16/Jul/2026 19:49:21] "GET /static/admin/js/admin/DateTimeShortcuts.js HTTP/1.1" 200 19319
[16/Jul/2026 19:49:21] "GET /static/admin/js/vendor/xregexp/xregexp.js HTTP/1.1" 200 325171
[16/Jul/2026 19:49:22] "GET /static/admin/img/icon-clock.svg HTTP/1.1" 200 677
[16/Jul/2026 19:49:22] "GET /static/admin/img/icon-calendar.svg HTTP/1.1" 200 1086
[16/Jul/2026 19:49:29] "GET /static/admin/img/calendar-icons.svg HTTP/1.1" 200 2455
[16/Jul/2026 19:50:33] "GET /manage/ HTTP/1.1" 200 25677
[16/Jul/2026 19:50:34] "GET /manage/players/ HTTP/1.1" 200 27730
[16/Jul/2026 19:50:35] "GET /manage/tournaments/ HTTP/1.1" 200 22476
[16/Jul/2026 19:50:40] "GET /admin/squad/tournament/add/ HTTP/1.1" 200 21819
[16/Jul/2026 19:50:40] "GET /static/admin/js/tournament_slots.js HTTP/1.1" 304 0
[16/Jul/2026 19:50:40] "GET /admin/jsi18n/ HTTP/1.1" 200 3342
[16/Jul/2026 19:54:04] "GET /admin/squad/tournament/add/ HTTP/1.1" 302 0
[16/Jul/2026 19:54:04] "GET /admin/login/?next=/admin/squad/tournament/add/ HTTP/1.1" 200 9870
[16/Jul/2026 19:54:04,684] - Broken pipe from ('127.0.0.1', 58814)
[16/Jul/2026 19:54:20] "GET /admin/squad/tournament/add/ HTTP/1.1" 200 21819
[16/Jul/2026 19:54:20] "GET /static/admin/js/tournament_slots.js HTTP/1.1" 304 0
[16/Jul/2026 19:54:20] "GET /admin/jsi18n/ HTTP/1.1" 200 3342
[16/Jul/2026 19:54:24] "GET /admin/squad/tournament/add/ HTTP/1.1" 200 21819
[16/Jul/2026 19:54:24] "GET /admin/jsi18n/ HTTP/1.1" 200 3342
[16/Jul/2026 19:54:25] "GET /manage/ HTTP/1.1" 200 25677
[16/Jul/2026 19:54:26] "GET /manage/ HTTP/1.1" 200 25677
[16/Jul/2026 19:54:26] "GET /manage/ HTTP/1.1" 200 25677
[16/Jul/2026 19:54:27] "GET /manage/tournaments/ HTTP/1.1" 200 22476
[16/Jul/2026 19:54:29] "GET /admin/squad/tournament/add/ HTTP/1.1" 200 21819
[16/Jul/2026 19:54:29] "GET /admin/jsi18n/ HTTP/1.1" 200 3342
[16/Jul/2026 19:54:46] "GET /admin/squad/tournament/add/ HTTP/1.1" 200 21819
[16/Jul/2026 19:54:46] "GET /admin/jsi18n/ HTTP/1.1" 200 3342
[16/Jul/2026 19:56:32] "GET /admin/squad/tournament/add/ HTTP/1.1" 302 0
[16/Jul/2026 19:56:32] "GET /admin/login/?next=/admin/squad/tournament/add/ HTTP/1.1" 200 9870
[16/Jul/2026 19:56:32,810] - Broken pipe from ('127.0.0.1', 60273)
[16/Jul/2026 19:57:56] "GET /admin/squad/tournament/add/ HTTP/1.1" 200 21819
[16/Jul/2026 19:57:56] "GET /static/admin/js/tournament_slots.js HTTP/1.1" 304 0
[16/Jul/2026 19:57:56] "GET /admin/jsi18n/ HTTP/1.1" 200 3342
[16/Jul/2026 19:58:35] "GET /admin/squad/tournament/add/ HTTP/1.1" 302 0
[16/Jul/2026 19:58:35] "GET /admin/login/?next=/admin/squad/tournament/add/ HTTP/1.1" 200 9870
[16/Jul/2026 19:58:36,877] - Broken pipe from ('127.0.0.1', 57135)
[16/Jul/2026 19:58:52] "GET /admin/squad/tournament/add/ HTTP/1.1" 200 21819
[16/Jul/2026 19:58:53] "GET /admin/jsi18n/ HTTP/1.1" 200 3342
[16/Jul/2026 20:01:07] "GET /admin/squad/tournament/add/ HTTP/1.1" 200 21819
[16/Jul/2026 20:01:07] "GET /static/admin/js/tournament_slots.js HTTP/1.1" 304 0
[16/Jul/2026 20:01:07] "GET /admin/jsi18n/ HTTP/1.1" 200 3342
[16/Jul/2026 20:01:25] "GET /admin/squad/tournament/add/ HTTP/1.1" 302 0
[16/Jul/2026 20:01:25] "GET /admin/login/?next=/admin/squad/tournament/add/ HTTP/1.1" 200 9870
[16/Jul/2026 20:01:25,946] - Broken pipe from ('127.0.0.1', 64616)
[16/Jul/2026 20:01:40] "GET /admin/squad/tournament/add/ HTTP/1.1" 200 21819
[16/Jul/2026 20:01:40] "GET /admin/jsi18n/ HTTP/1.1" 200 3342
[16/Jul/2026 20:01:47] "GET /manage/ HTTP/1.1" 200 25677
[16/Jul/2026 20:01:49] "GET /manage/players/ HTTP/1.1" 200 27730
[16/Jul/2026 20:01:52] "GET /manage/tournaments/ HTTP/1.1" 200 22476
[16/Jul/2026 20:01:53] "GET /manage/tournaments/ HTTP/1.1" 200 22476
[16/Jul/2026 20:01:56] "GET /manage/registrations/ HTTP/1.1" 200 70894
[16/Jul/2026 20:02:41] "GET /manage/ HTTP/1.1" 200 25677
[16/Jul/2026 20:02:47] "GET / HTTP/1.1" 200 21511
[16/Jul/2026 20:02:47] "GET /api/tournament-register/ HTTP/1.1" 200 4283
[16/Jul/2026 20:02:47] "GET /api/tournaments/ HTTP/1.1" 200 1854
[16/Jul/2026 20:02:47] "GET /api/news/ HTTP/1.1" 200 413
[16/Jul/2026 20:02:47] "GET /api/players/ HTTP/1.1" 200 2040
[16/Jul/2026 20:02:47] "GET /api/tournaments/ HTTP/1.1" 200 1854
[16/Jul/2026 20:02:57] "GET /register/ HTTP/1.1" 200 13288
[16/Jul/2026 20:04:07] "POST /api/register/ HTTP/1.1" 200 33
[16/Jul/2026 20:04:11] "GET /manage/ HTTP/1.1" 200 25672
[16/Jul/2026 20:04:15] "GET /manage/ HTTP/1.1" 200 25672
[16/Jul/2026 20:04:18] "GET /manage/players/ HTTP/1.1" 200 29371
[16/Jul/2026 20:04:51] "GET /admin/squad/player/9/change/?verified=1 HTTP/1.1" 302 0
[16/Jul/2026 20:04:51] "GET /manage/players/ HTTP/1.1" 200 29892
[16/Jul/2026 20:04:55] "GET /register/ HTTP/1.1" 200 13288
[16/Jul/2026 20:04:58] "GET /players/ HTTP/1.1" 200 17440
[16/Jul/2026 20:04:58] "GET /api/players/ HTTP/1.1" 200 2308
[16/Jul/2026 20:05:05] "GET /manage/players/ HTTP/1.1" 200 29892
[16/Jul/2026 20:05:08] "GET /admin/squad/player/9/change/?verified=0 HTTP/1.1" 302 0
[16/Jul/2026 20:05:08] "GET /manage/players/ HTTP/1.1" 200 29371
[16/Jul/2026 20:05:08] "GET /manage/players/ HTTP/1.1" 200 29371
[16/Jul/2026 20:05:10] "GET /players/ HTTP/1.1" 200 17440
[16/Jul/2026 20:05:10] "GET /api/players/ HTTP/1.1" 200 2309
